<?xml version="1.0" encoding="UTF-8"?>
<!-- Generated by org.testng.reporters.JUnitXMLReporter -->
<testsuite hostname="Arina-PC" ignored="0" name="Test" tests="3" failures="0" timestamp="21 Aug 2018 09:54:42 GMT" time="41.504" errors="0">
  <testcase name="launch" time="14.357" classname="SeleniumStarting.com.flipkart.Selenium1"/>
  <testcase name="launch" time="13.769" classname="SeleniumStarting.com.flipkart.Selenium1"/>
  <testcase name="launch" time="12.759" classname="SeleniumStarting.com.flipkart.Selenium1"/>
</testsuite> <!-- Test -->
