<?xml version="1.0" encoding="UTF-8"?>
<!-- Generated by org.testng.reporters.JUnitXMLReporter -->
<testsuite hostname="Arina-PC" ignored="0" name="Default test" tests="3" failures="0" timestamp="21 Aug 2018 09:39:12 GMT" time="45.416" errors="0">
  <testcase name="launch" time="15.166" classname="SeleniumStarting.com.flipkart.Selenium1"/>
  <testcase name="launch" time="14.067" classname="SeleniumStarting.com.flipkart.Selenium1"/>
  <testcase name="launch" time="15.545" classname="SeleniumStarting.com.flipkart.Selenium1"/>
</testsuite> <!-- Default test -->
